<?xml version="1.0" encoding="UTF-8"?>
<testsuite name="com.kodilla.patterns.prototype.library.LibraryTestSuite" tests="1" skipped="0" failures="0" errors="0" timestamp="2018-06-08T14:42:20" hostname="GreG-Komputer" time="0.017">
  <properties/>
  <testcase name="testGetBooks" classname="com.kodilla.patterns.prototype.library.LibraryTestSuite" time="0.017"/>
  <system-out><![CDATA[Library [Library of Congress]
Book{title='Valis', author='P. K. Dick', publicationDate=2017-12-21}
Book{title='Solaris', author='S. Lem', publicationDate=2017-01-22}
Book{title='Greed', author='P.J Berch', publicationDate=1984-06-17}
Book{title='Witcher', author='A. Sapkowski', publicationDate=2017-07-05}

Library [Shallow Copy Library]
Book{title='Fake Book', author='Fake Author', publicationDate=2018-06-08}

Library [Deep Copy Library]
Book{title='Fake Book', author='Fake Author', publicationDate=2018-06-08}
Book{title='Valis', author='P. K. Dick', publicationDate=2017-12-21}
Book{title='Solaris', author='S. Lem', publicationDate=2017-01-22}
Book{title='Greed', author='P.J Berch', publicationDate=1984-06-17}
Book{title='Witcher', author='A. Sapkowski', publicationDate=2017-07-05}

]]></system-out>
  <system-err><![CDATA[]]></system-err>
</testsuite>
