<?xml version="1.0" encoding="UTF-8"?>
<testsuite name="com.kodilla.patterns.singleton.LoggerTestSuite" tests="1" skipped="0" failures="0" errors="0" timestamp="2018-06-08T14:42:20" hostname="GreG-Komputer" time="0.001">
  <properties/>
  <testcase name="testGetLastLog" classname="com.kodilla.patterns.singleton.LoggerTestSuite" time="0.001"/>
  <system-out><![CDATA[It's me... Logger constructor!
Log: [Awruk]
Log: [Nyterk]
Test logsA: Nyterk
Test logsB: Nyterk
]]></system-out>
  <system-err><![CDATA[]]></system-err>
</testsuite>
