<?xml version="1.0" encoding="UTF-8"?>
<testsuite name="com.kodilla.jdbc.StoredProcTestSuite" tests="2" skipped="1" failures="0" errors="0" timestamp="2018-08-10T11:32:09" hostname="GreG-Komputer" time="0.191">
  <properties/>
  <testcase name="testUpdateBestsellers" classname="com.kodilla.jdbc.StoredProcTestSuite" time="0.0">
    <skipped/>
  </testcase>
  <testcase name="testUpdateVipLevels" classname="com.kodilla.jdbc.StoredProcTestSuite" time="0.191"/>
  <system-out><![CDATA[]]></system-out>
  <system-err><![CDATA[]]></system-err>
</testsuite>
